{"uid":"f143c8534709e063","name":"test_successful_registration","fullName":"selenium_library.suninjuly_github_io.tests.test_registration.TestRegistrationPage#test_successful_registration","historyId":"4d4e8c914b83fbfea73aac004f79faf2","time":{"start":1751144915038,"stop":1751144915389,"duration":351},"status":"broken","statusMessage":"selenium.common.exceptions.StaleElementReferenceException: Message: stale element reference: stale element not found\n  (Session info: chrome=137.0.7151.119); For documentation on this error, please visit: https://www.selenium.dev/documentation/webdriver/troubleshooting/errors#stale-element-reference-exception\nStacktrace:\n#0 0x55a51dedd45a <unknown>\n#1 0x55a51d982760 <unknown>\n#2 0x55a51d995dfb <unknown>\n#3 0x55a51d994bc2 <unknown>\n#4 0x55a51d989d19 <unknown>\n#5 0x55a51d987f4f <unknown>\n#6 0x55a51d98bc88 <unknown>\n#7 0x55a51d98bd13 <unknown>\n#8 0x55a51d9ce6ed <unknown>\n#9 0x55a51d9f9e52 <unknown>\n#10 0x55a51d9c7caa <unknown>\n#11 0x55a51d9fa01e <unknown>\n#12 0x55a51da2030b <unknown>\n#13 0x55a51d9f9c23 <unknown>\n#14 0x55a51d9c64a5 <unknown>\n#15 0x55a51d9c7111 <unknown>\n#16 0x55a51dea1f1b <unknown>\n#17 0x55a51dea5e19 <unknown>\n#18 0x55a51de88ac9 <unknown>\n#19 0x55a51dea69c8 <unknown>\n#20 0x55a51de6d34f <unknown>\n#21 0x55a51decaa28 <unknown>\n#22 0x55a51decac06 <unknown>\n#23 0x55a51dedc336 <unknown>\n#24 0x7fc42fa9caa4 <unknown>\n#25 0x7fc42fb29c3c <unknown>","statusTrace":"self = <test_registration.TestRegistrationPage object at 0x7fab8ce6ead0>\nbrowser = <selenium.webdriver.chrome.webdriver.WebDriver (session=\"f88da505293dea39e0cd95ad8a7665b6\")>\nrandom_generator = <faker.proxy.Faker object at 0x7fab8d6c6d00>\n\n    @pytest.mark.smoke\n    def test_successful_registration(self, browser, random_generator):\n        self.registration_page.open_page(right_url)\n        self.registration_page.fill_out_the_form(random_generator)\n>       self.registration_page.should_have_welcome_text()\n\nselenium_library/suninjuly_github_io/tests/test_registration.py:23: \n_ _ _ _ _ _ _ _ _ _ _ _ _ _ _ _ _ _ _ _ _ _ _ _ _ _ _ _ _ _ _ _ _ _ _ _ _ _ _ _ \nselenium_library/suninjuly_github_io/pages/registration_page.py:62: in should_have_welcome_text\n    self.element_get_expected_text(\nselenium_library/suninjuly_github_io/pages/base_page.py:20: in element_get_expected_text\n    element.text == expected_text\n/opt/hostedtoolcache/Python/3.13.5/x64/lib/python3.13/site-packages/selenium/webdriver/remote/webelement.py:111: in text\n    return self._execute(Command.GET_ELEMENT_TEXT)[\"value\"]\n/opt/hostedtoolcache/Python/3.13.5/x64/lib/python3.13/site-packages/selenium/webdriver/remote/webelement.py:574: in _execute\n    return self._parent.execute(command, params)\n/opt/hostedtoolcache/Python/3.13.5/x64/lib/python3.13/site-packages/selenium/webdriver/remote/webdriver.py:447: in execute\n    self.error_handler.check_response(response)\n_ _ _ _ _ _ _ _ _ _ _ _ _ _ _ _ _ _ _ _ _ _ _ _ _ _ _ _ _ _ _ _ _ _ _ _ _ _ _ _ \n\nself = <selenium.webdriver.remote.errorhandler.ErrorHandler object at 0x7fab8ee09770>\nresponse = {'status': 404, 'value': '{\"value\":{\"error\":\"stale element reference\",\"message\":\"stale element reference: stale elemen...\\\\n#23 0x55a51dedc336 \\\\u003Cunknown>\\\\n#24 0x7fc42fa9caa4 \\\\u003Cunknown>\\\\n#25 0x7fc42fb29c3c \\\\u003Cunknown>\\\\n\"}}'}\n\n    def check_response(self, response: Dict[str, Any]) -> None:\n        \"\"\"Checks that a JSON response from the WebDriver does not have an\n        error.\n    \n        :Args:\n         - response - The JSON response from the WebDriver server as a dictionary\n           object.\n    \n        :Raises: If the response contains an error message.\n        \"\"\"\n        status = response.get(\"status\", None)\n        if not status or status == ErrorCode.SUCCESS:\n            return\n        value = None\n        message = response.get(\"message\", \"\")\n        screen: str = response.get(\"screen\", \"\")\n        stacktrace = None\n        if isinstance(status, int):\n            value_json = response.get(\"value\", None)\n            if value_json and isinstance(value_json, str):\n                import json\n    \n                try:\n                    value = json.loads(value_json)\n                    if len(value) == 1:\n                        value = value[\"value\"]\n                    status = value.get(\"error\", None)\n                    if not status:\n                        status = value.get(\"status\", ErrorCode.UNKNOWN_ERROR)\n                        message = value.get(\"value\") or value.get(\"message\")\n                        if not isinstance(message, str):\n                            value = message\n                            message = message.get(\"message\")\n                    else:\n                        message = value.get(\"message\", None)\n                except ValueError:\n                    pass\n    \n        exception_class: Type[WebDriverException]\n        e = ErrorCode()\n        error_codes = [item for item in dir(e) if not item.startswith(\"__\")]\n        for error_code in error_codes:\n            error_info = getattr(ErrorCode, error_code)\n            if isinstance(error_info, list) and status in error_info:\n                exception_class = getattr(ExceptionMapping, error_code, WebDriverException)\n                break\n        else:\n            exception_class = WebDriverException\n    \n        if not value:\n            value = response[\"value\"]\n        if isinstance(value, str):\n            raise exception_class(value)\n        if message == \"\" and \"message\" in value:\n            message = value[\"message\"]\n    \n        screen = None  # type: ignore[assignment]\n        if \"screen\" in value:\n            screen = value[\"screen\"]\n    \n        stacktrace = None\n        st_value = value.get(\"stackTrace\") or value.get(\"stacktrace\")\n        if st_value:\n            if isinstance(st_value, str):\n                stacktrace = st_value.split(\"\\n\")\n            else:\n                stacktrace = []\n                try:\n                    for frame in st_value:\n                        line = frame.get(\"lineNumber\", \"\")\n                        file = frame.get(\"fileName\", \"<anonymous>\")\n                        if line:\n                            file = f\"{file}:{line}\"\n                        meth = frame.get(\"methodName\", \"<anonymous>\")\n                        if \"className\" in frame:\n                            meth = f\"{frame['className']}.{meth}\"\n                        msg = \"    at %s (%s)\"\n                        msg = msg % (meth, file)\n                        stacktrace.append(msg)\n                except TypeError:\n                    pass\n        if exception_class == UnexpectedAlertPresentException:\n            alert_text = None\n            if \"data\" in value:\n                alert_text = value[\"data\"].get(\"text\")\n            elif \"alert\" in value:\n                alert_text = value[\"alert\"].get(\"text\")\n            raise exception_class(message, screen, stacktrace, alert_text)  # type: ignore[call-arg]  # mypy is not smart enough here\n>       raise exception_class(message, screen, stacktrace)\nE       selenium.common.exceptions.StaleElementReferenceException: Message: stale element reference: stale element not found\nE         (Session info: chrome=137.0.7151.119); For documentation on this error, please visit: https://www.selenium.dev/documentation/webdriver/troubleshooting/errors#stale-element-reference-exception\nE       Stacktrace:\nE       #0 0x55a51dedd45a <unknown>\nE       #1 0x55a51d982760 <unknown>\nE       #2 0x55a51d995dfb <unknown>\nE       #3 0x55a51d994bc2 <unknown>\nE       #4 0x55a51d989d19 <unknown>\nE       #5 0x55a51d987f4f <unknown>\nE       #6 0x55a51d98bc88 <unknown>\nE       #7 0x55a51d98bd13 <unknown>\nE       #8 0x55a51d9ce6ed <unknown>\nE       #9 0x55a51d9f9e52 <unknown>\nE       #10 0x55a51d9c7caa <unknown>\nE       #11 0x55a51d9fa01e <unknown>\nE       #12 0x55a51da2030b <unknown>\nE       #13 0x55a51d9f9c23 <unknown>\nE       #14 0x55a51d9c64a5 <unknown>\nE       #15 0x55a51d9c7111 <unknown>\nE       #16 0x55a51dea1f1b <unknown>\nE       #17 0x55a51dea5e19 <unknown>\nE       #18 0x55a51de88ac9 <unknown>\nE       #19 0x55a51dea69c8 <unknown>\nE       #20 0x55a51de6d34f <unknown>\nE       #21 0x55a51decaa28 <unknown>\nE       #22 0x55a51decac06 <unknown>\nE       #23 0x55a51dedc336 <unknown>\nE       #24 0x7fc42fa9caa4 <unknown>\nE       #25 0x7fc42fb29c3c <unknown>\n\n/opt/hostedtoolcache/Python/3.13.5/x64/lib/python3.13/site-packages/selenium/webdriver/remote/errorhandler.py:232: StaleElementReferenceException","flaky":false,"newFailed":false,"newBroken":false,"newPassed":false,"retriesCount":0,"retriesStatusChange":false,"beforeStages":[{"name":"browser","time":{"start":1751144914662,"stop":1751144915036,"duration":374},"status":"passed","steps":[],"attachments":[],"parameters":[],"shouldDisplayMessage":false,"stepsCount":0,"attachmentsCount":0,"hasContent":false,"attachmentStep":false},{"name":"setup","time":{"start":1751144915036,"stop":1751144915036,"duration":0},"status":"passed","steps":[],"attachments":[],"parameters":[],"shouldDisplayMessage":false,"stepsCount":0,"attachmentsCount":0,"hasContent":false,"attachmentStep":false},{"name":"random_generator","time":{"start":1751144915036,"stop":1751144915037,"duration":1},"status":"passed","steps":[],"attachments":[],"parameters":[],"shouldDisplayMessage":false,"stepsCount":0,"attachmentsCount":0,"hasContent":false,"attachmentStep":false}],"testStage":{"status":"broken","statusMessage":"selenium.common.exceptions.StaleElementReferenceException: Message: stale element reference: stale element not found\n  (Session info: chrome=137.0.7151.119); For documentation on this error, please visit: https://www.selenium.dev/documentation/webdriver/troubleshooting/errors#stale-element-reference-exception\nStacktrace:\n#0 0x55a51dedd45a <unknown>\n#1 0x55a51d982760 <unknown>\n#2 0x55a51d995dfb <unknown>\n#3 0x55a51d994bc2 <unknown>\n#4 0x55a51d989d19 <unknown>\n#5 0x55a51d987f4f <unknown>\n#6 0x55a51d98bc88 <unknown>\n#7 0x55a51d98bd13 <unknown>\n#8 0x55a51d9ce6ed <unknown>\n#9 0x55a51d9f9e52 <unknown>\n#10 0x55a51d9c7caa <unknown>\n#11 0x55a51d9fa01e <unknown>\n#12 0x55a51da2030b <unknown>\n#13 0x55a51d9f9c23 <unknown>\n#14 0x55a51d9c64a5 <unknown>\n#15 0x55a51d9c7111 <unknown>\n#16 0x55a51dea1f1b <unknown>\n#17 0x55a51dea5e19 <unknown>\n#18 0x55a51de88ac9 <unknown>\n#19 0x55a51dea69c8 <unknown>\n#20 0x55a51de6d34f <unknown>\n#21 0x55a51decaa28 <unknown>\n#22 0x55a51decac06 <unknown>\n#23 0x55a51dedc336 <unknown>\n#24 0x7fc42fa9caa4 <unknown>\n#25 0x7fc42fb29c3c <unknown>","statusTrace":"self = <test_registration.TestRegistrationPage object at 0x7fab8ce6ead0>\nbrowser = <selenium.webdriver.chrome.webdriver.WebDriver (session=\"f88da505293dea39e0cd95ad8a7665b6\")>\nrandom_generator = <faker.proxy.Faker object at 0x7fab8d6c6d00>\n\n    @pytest.mark.smoke\n    def test_successful_registration(self, browser, random_generator):\n        self.registration_page.open_page(right_url)\n        self.registration_page.fill_out_the_form(random_generator)\n>       self.registration_page.should_have_welcome_text()\n\nselenium_library/suninjuly_github_io/tests/test_registration.py:23: \n_ _ _ _ _ _ _ _ _ _ _ _ _ _ _ _ _ _ _ _ _ _ _ _ _ _ _ _ _ _ _ _ _ _ _ _ _ _ _ _ \nselenium_library/suninjuly_github_io/pages/registration_page.py:62: in should_have_welcome_text\n    self.element_get_expected_text(\nselenium_library/suninjuly_github_io/pages/base_page.py:20: in element_get_expected_text\n    element.text == expected_text\n/opt/hostedtoolcache/Python/3.13.5/x64/lib/python3.13/site-packages/selenium/webdriver/remote/webelement.py:111: in text\n    return self._execute(Command.GET_ELEMENT_TEXT)[\"value\"]\n/opt/hostedtoolcache/Python/3.13.5/x64/lib/python3.13/site-packages/selenium/webdriver/remote/webelement.py:574: in _execute\n    return self._parent.execute(command, params)\n/opt/hostedtoolcache/Python/3.13.5/x64/lib/python3.13/site-packages/selenium/webdriver/remote/webdriver.py:447: in execute\n    self.error_handler.check_response(response)\n_ _ _ _ _ _ _ _ _ _ _ _ _ _ _ _ _ _ _ _ _ _ _ _ _ _ _ _ _ _ _ _ _ _ _ _ _ _ _ _ \n\nself = <selenium.webdriver.remote.errorhandler.ErrorHandler object at 0x7fab8ee09770>\nresponse = {'status': 404, 'value': '{\"value\":{\"error\":\"stale element reference\",\"message\":\"stale element reference: stale elemen...\\\\n#23 0x55a51dedc336 \\\\u003Cunknown>\\\\n#24 0x7fc42fa9caa4 \\\\u003Cunknown>\\\\n#25 0x7fc42fb29c3c \\\\u003Cunknown>\\\\n\"}}'}\n\n    def check_response(self, response: Dict[str, Any]) -> None:\n        \"\"\"Checks that a JSON response from the WebDriver does not have an\n        error.\n    \n        :Args:\n         - response - The JSON response from the WebDriver server as a dictionary\n           object.\n    \n        :Raises: If the response contains an error message.\n        \"\"\"\n        status = response.get(\"status\", None)\n        if not status or status == ErrorCode.SUCCESS:\n            return\n        value = None\n        message = response.get(\"message\", \"\")\n        screen: str = response.get(\"screen\", \"\")\n        stacktrace = None\n        if isinstance(status, int):\n            value_json = response.get(\"value\", None)\n            if value_json and isinstance(value_json, str):\n                import json\n    \n                try:\n                    value = json.loads(value_json)\n                    if len(value) == 1:\n                        value = value[\"value\"]\n                    status = value.get(\"error\", None)\n                    if not status:\n                        status = value.get(\"status\", ErrorCode.UNKNOWN_ERROR)\n                        message = value.get(\"value\") or value.get(\"message\")\n                        if not isinstance(message, str):\n                            value = message\n                            message = message.get(\"message\")\n                    else:\n                        message = value.get(\"message\", None)\n                except ValueError:\n                    pass\n    \n        exception_class: Type[WebDriverException]\n        e = ErrorCode()\n        error_codes = [item for item in dir(e) if not item.startswith(\"__\")]\n        for error_code in error_codes:\n            error_info = getattr(ErrorCode, error_code)\n            if isinstance(error_info, list) and status in error_info:\n                exception_class = getattr(ExceptionMapping, error_code, WebDriverException)\n                break\n        else:\n            exception_class = WebDriverException\n    \n        if not value:\n            value = response[\"value\"]\n        if isinstance(value, str):\n            raise exception_class(value)\n        if message == \"\" and \"message\" in value:\n            message = value[\"message\"]\n    \n        screen = None  # type: ignore[assignment]\n        if \"screen\" in value:\n            screen = value[\"screen\"]\n    \n        stacktrace = None\n        st_value = value.get(\"stackTrace\") or value.get(\"stacktrace\")\n        if st_value:\n            if isinstance(st_value, str):\n                stacktrace = st_value.split(\"\\n\")\n            else:\n                stacktrace = []\n                try:\n                    for frame in st_value:\n                        line = frame.get(\"lineNumber\", \"\")\n                        file = frame.get(\"fileName\", \"<anonymous>\")\n                        if line:\n                            file = f\"{file}:{line}\"\n                        meth = frame.get(\"methodName\", \"<anonymous>\")\n                        if \"className\" in frame:\n                            meth = f\"{frame['className']}.{meth}\"\n                        msg = \"    at %s (%s)\"\n                        msg = msg % (meth, file)\n                        stacktrace.append(msg)\n                except TypeError:\n                    pass\n        if exception_class == UnexpectedAlertPresentException:\n            alert_text = None\n            if \"data\" in value:\n                alert_text = value[\"data\"].get(\"text\")\n            elif \"alert\" in value:\n                alert_text = value[\"alert\"].get(\"text\")\n            raise exception_class(message, screen, stacktrace, alert_text)  # type: ignore[call-arg]  # mypy is not smart enough here\n>       raise exception_class(message, screen, stacktrace)\nE       selenium.common.exceptions.StaleElementReferenceException: Message: stale element reference: stale element not found\nE         (Session info: chrome=137.0.7151.119); For documentation on this error, please visit: https://www.selenium.dev/documentation/webdriver/troubleshooting/errors#stale-element-reference-exception\nE       Stacktrace:\nE       #0 0x55a51dedd45a <unknown>\nE       #1 0x55a51d982760 <unknown>\nE       #2 0x55a51d995dfb <unknown>\nE       #3 0x55a51d994bc2 <unknown>\nE       #4 0x55a51d989d19 <unknown>\nE       #5 0x55a51d987f4f <unknown>\nE       #6 0x55a51d98bc88 <unknown>\nE       #7 0x55a51d98bd13 <unknown>\nE       #8 0x55a51d9ce6ed <unknown>\nE       #9 0x55a51d9f9e52 <unknown>\nE       #10 0x55a51d9c7caa <unknown>\nE       #11 0x55a51d9fa01e <unknown>\nE       #12 0x55a51da2030b <unknown>\nE       #13 0x55a51d9f9c23 <unknown>\nE       #14 0x55a51d9c64a5 <unknown>\nE       #15 0x55a51d9c7111 <unknown>\nE       #16 0x55a51dea1f1b <unknown>\nE       #17 0x55a51dea5e19 <unknown>\nE       #18 0x55a51de88ac9 <unknown>\nE       #19 0x55a51dea69c8 <unknown>\nE       #20 0x55a51de6d34f <unknown>\nE       #21 0x55a51decaa28 <unknown>\nE       #22 0x55a51decac06 <unknown>\nE       #23 0x55a51dedc336 <unknown>\nE       #24 0x7fc42fa9caa4 <unknown>\nE       #25 0x7fc42fb29c3c <unknown>\n\n/opt/hostedtoolcache/Python/3.13.5/x64/lib/python3.13/site-packages/selenium/webdriver/remote/errorhandler.py:232: StaleElementReferenceException","steps":[{"name":"Open page","time":{"start":1751144915038,"stop":1751144915133,"duration":95},"status":"passed","steps":[],"attachments":[],"parameters":[{"name":"url","value":"'https://suninjuly.github.io/registration1.html'"}],"shouldDisplayMessage":false,"stepsCount":0,"attachmentsCount":0,"hasContent":true,"attachmentStep":false},{"name":"Fill out Registration Form","time":{"start":1751144915133,"stop":1751144915350,"duration":217},"status":"passed","steps":[{"name":"First name input field","time":{"start":1751144915133,"stop":1751144915148,"duration":15},"status":"passed","steps":[{"name":"Find element","time":{"start":1751144915133,"stop":1751144915148,"duration":15},"status":"passed","steps":[],"attachments":[],"parameters":[{"name":"args","value":"('css selector', '.first_block input.first')"}],"shouldDisplayMessage":false,"stepsCount":0,"attachmentsCount":0,"hasContent":true,"attachmentStep":false}],"attachments":[],"parameters":[],"shouldDisplayMessage":false,"stepsCount":1,"attachmentsCount":0,"hasContent":true,"attachmentStep":false},{"name":"Last name input field","time":{"start":1751144915198,"stop":1751144915208,"duration":10},"status":"passed","steps":[{"name":"Find element","time":{"start":1751144915198,"stop":1751144915208,"duration":10},"status":"passed","steps":[],"attachments":[],"parameters":[{"name":"args","value":"('css selector', '.first_block input.second')"}],"shouldDisplayMessage":false,"stepsCount":0,"attachmentsCount":0,"hasContent":true,"attachmentStep":false}],"attachments":[],"parameters":[],"shouldDisplayMessage":false,"stepsCount":1,"attachmentsCount":0,"hasContent":true,"attachmentStep":false},{"name":"Email input field","time":{"start":1751144915242,"stop":1751144915250,"duration":8},"status":"passed","steps":[{"name":"Find element","time":{"start":1751144915242,"stop":1751144915250,"duration":8},"status":"passed","steps":[],"attachments":[],"parameters":[{"name":"args","value":"('css selector', '.first_block input.third')"}],"shouldDisplayMessage":false,"stepsCount":0,"attachmentsCount":0,"hasContent":true,"attachmentStep":false}],"attachments":[],"parameters":[],"shouldDisplayMessage":false,"stepsCount":1,"attachmentsCount":0,"hasContent":true,"attachmentStep":false},{"name":"Submit button","time":{"start":1751144915294,"stop":1751144915306,"duration":12},"status":"passed","steps":[{"name":"Find element","time":{"start":1751144915295,"stop":1751144915306,"duration":11},"status":"passed","steps":[],"attachments":[],"parameters":[{"name":"args","value":"('css selector', 'button')"}],"shouldDisplayMessage":false,"stepsCount":0,"attachmentsCount":0,"hasContent":true,"attachmentStep":false}],"attachments":[],"parameters":[],"shouldDisplayMessage":false,"stepsCount":1,"attachmentsCount":0,"hasContent":true,"attachmentStep":false}],"attachments":[],"parameters":[{"name":"random_generator","value":"<faker.proxy.Faker object at 0x7fab8d6c6d00>"}],"shouldDisplayMessage":false,"stepsCount":8,"attachmentsCount":0,"hasContent":true,"attachmentStep":false},{"name":"Assert Welcome message has expected text","time":{"start":1751144915350,"stop":1751144915388,"duration":38},"status":"broken","statusMessage":"selenium.common.exceptions.StaleElementReferenceException: Message: stale element reference: stale element not found\n  (Session info: chrome=137.0.7151.119); For documentation on this error, please visit: https://www.selenium.dev/documentation/webdriver/troubleshooting/errors#stale-element-reference-exception\nStacktrace:\n#0 0x55a51dedd45a <unknown>\n#1 0x55a51d982760 <unknown>\n#2 0x55a51d995dfb <unknown>\n#3 0x55a51d994bc2 <unknown>\n#4 0x55a51d989d19 <unknown>\n#5 0x55a51d987f4f <unknown>\n#6 0x55a51d98bc88 <unknown>\n#7 0x55a51d98bd13 <unknown>\n#8 0x55a51d9ce6ed <unknown>\n#9 0x55a51d9f9e52 <unknown>\n#10 0x55a51d9c7caa <unknown>\n#11 0x55a51d9fa01e <unknown>\n#12 0x55a51da2030b <unknown>\n#13 0x55a51d9f9c23 <unknown>\n#14 0x55a51d9c64a5 <unknown>\n#15 0x55a51d9c7111 <unknown>\n#16 0x55a51dea1f1b <unknown>\n#17 0x55a51dea5e19 <unknown>\n#18 0x55a51de88ac9 <unknown>\n#19 0x55a51dea69c8 <unknown>\n#20 0x55a51de6d34f <unknown>\n#21 0x55a51decaa28 <unknown>\n#22 0x55a51decac06 <unknown>\n#23 0x55a51dedc336 <unknown>\n#24 0x7fc42fa9caa4 <unknown>\n#25 0x7fc42fb29c3c <unknown>\n\n","statusTrace":"  File \"/opt/hostedtoolcache/Python/3.13.5/x64/lib/python3.13/site-packages/allure_commons/_allure.py\", line 202, in impl\n    return func(*a, **kw)\n  File \"/home/runner/work/automation/automation/selenium_library/suninjuly_github_io/pages/registration_page.py\", line 62, in should_have_welcome_text\n    self.element_get_expected_text(\n    ~~~~~~~~~~~~~~~~~~~~~~~~~~~~~~^\n        self.welcome_text, welcome_text_expected, 'Welcome text'\n        ^^^^^^^^^^^^^^^^^^^^^^^^^^^^^^^^^^^^^^^^^^^^^^^^^^^^^^^^\n    )\n    ^\n  File \"/opt/hostedtoolcache/Python/3.13.5/x64/lib/python3.13/site-packages/allure_commons/_allure.py\", line 202, in impl\n    return func(*a, **kw)\n  File \"/home/runner/work/automation/automation/selenium_library/suninjuly_github_io/pages/base_page.py\", line 20, in element_get_expected_text\n    element.text == expected_text\n    ^^^^^^^^^^^^\n  File \"/opt/hostedtoolcache/Python/3.13.5/x64/lib/python3.13/site-packages/selenium/webdriver/remote/webelement.py\", line 111, in text\n    return self._execute(Command.GET_ELEMENT_TEXT)[\"value\"]\n           ~~~~~~~~~~~~~^^^^^^^^^^^^^^^^^^^^^^^^^^\n  File \"/opt/hostedtoolcache/Python/3.13.5/x64/lib/python3.13/site-packages/selenium/webdriver/remote/webelement.py\", line 574, in _execute\n    return self._parent.execute(command, params)\n           ~~~~~~~~~~~~~~~~~~~~^^^^^^^^^^^^^^^^^\n  File \"/opt/hostedtoolcache/Python/3.13.5/x64/lib/python3.13/site-packages/selenium/webdriver/remote/webdriver.py\", line 447, in execute\n    self.error_handler.check_response(response)\n    ~~~~~~~~~~~~~~~~~~~~~~~~~~~~~~~~~^^^^^^^^^^\n  File \"/opt/hostedtoolcache/Python/3.13.5/x64/lib/python3.13/site-packages/selenium/webdriver/remote/errorhandler.py\", line 232, in check_response\n    raise exception_class(message, screen, stacktrace)\n","steps":[{"name":"Welcome message","time":{"start":1751144915350,"stop":1751144915367,"duration":17},"status":"passed","steps":[{"name":"Find element","time":{"start":1751144915350,"stop":1751144915367,"duration":17},"status":"passed","steps":[],"attachments":[],"parameters":[{"name":"args","value":"('css selector', 'h1')"}],"shouldDisplayMessage":false,"stepsCount":0,"attachmentsCount":0,"hasContent":true,"attachmentStep":false}],"attachments":[],"parameters":[],"shouldDisplayMessage":false,"stepsCount":1,"attachmentsCount":0,"hasContent":true,"attachmentStep":false},{"name":"Assert element actual text matches the one expected","time":{"start":1751144915368,"stop":1751144915388,"duration":20},"status":"broken","statusMessage":"selenium.common.exceptions.StaleElementReferenceException: Message: stale element reference: stale element not found\n  (Session info: chrome=137.0.7151.119); For documentation on this error, please visit: https://www.selenium.dev/documentation/webdriver/troubleshooting/errors#stale-element-reference-exception\nStacktrace:\n#0 0x55a51dedd45a <unknown>\n#1 0x55a51d982760 <unknown>\n#2 0x55a51d995dfb <unknown>\n#3 0x55a51d994bc2 <unknown>\n#4 0x55a51d989d19 <unknown>\n#5 0x55a51d987f4f <unknown>\n#6 0x55a51d98bc88 <unknown>\n#7 0x55a51d98bd13 <unknown>\n#8 0x55a51d9ce6ed <unknown>\n#9 0x55a51d9f9e52 <unknown>\n#10 0x55a51d9c7caa <unknown>\n#11 0x55a51d9fa01e <unknown>\n#12 0x55a51da2030b <unknown>\n#13 0x55a51d9f9c23 <unknown>\n#14 0x55a51d9c64a5 <unknown>\n#15 0x55a51d9c7111 <unknown>\n#16 0x55a51dea1f1b <unknown>\n#17 0x55a51dea5e19 <unknown>\n#18 0x55a51de88ac9 <unknown>\n#19 0x55a51dea69c8 <unknown>\n#20 0x55a51de6d34f <unknown>\n#21 0x55a51decaa28 <unknown>\n#22 0x55a51decac06 <unknown>\n#23 0x55a51dedc336 <unknown>\n#24 0x7fc42fa9caa4 <unknown>\n#25 0x7fc42fb29c3c <unknown>\n\n","statusTrace":"  File \"/opt/hostedtoolcache/Python/3.13.5/x64/lib/python3.13/site-packages/allure_commons/_allure.py\", line 202, in impl\n    return func(*a, **kw)\n  File \"/home/runner/work/automation/automation/selenium_library/suninjuly_github_io/pages/base_page.py\", line 20, in element_get_expected_text\n    element.text == expected_text\n    ^^^^^^^^^^^^\n  File \"/opt/hostedtoolcache/Python/3.13.5/x64/lib/python3.13/site-packages/selenium/webdriver/remote/webelement.py\", line 111, in text\n    return self._execute(Command.GET_ELEMENT_TEXT)[\"value\"]\n           ~~~~~~~~~~~~~^^^^^^^^^^^^^^^^^^^^^^^^^^\n  File \"/opt/hostedtoolcache/Python/3.13.5/x64/lib/python3.13/site-packages/selenium/webdriver/remote/webelement.py\", line 574, in _execute\n    return self._parent.execute(command, params)\n           ~~~~~~~~~~~~~~~~~~~~^^^^^^^^^^^^^^^^^\n  File \"/opt/hostedtoolcache/Python/3.13.5/x64/lib/python3.13/site-packages/selenium/webdriver/remote/webdriver.py\", line 447, in execute\n    self.error_handler.check_response(response)\n    ~~~~~~~~~~~~~~~~~~~~~~~~~~~~~~~~~^^^^^^^^^^\n  File \"/opt/hostedtoolcache/Python/3.13.5/x64/lib/python3.13/site-packages/selenium/webdriver/remote/errorhandler.py\", line 232, in check_response\n    raise exception_class(message, screen, stacktrace)\n","steps":[],"attachments":[],"parameters":[{"name":"element","value":"<selenium.webdriver.remote.webelement.WebElement (session=\"f88da505293dea39e0cd95ad8a7665b6\", element=\"f.78E6979D14D7546F9141CB17F4BE928D.d.B5103C8B3960FCC06ED4A09409E33A83.e.20\")>"},{"name":"expected_text","value":"'Congratulations! You have successfully registered!'"},{"name":"name","value":"'Welcome text'"}],"shouldDisplayMessage":true,"stepsCount":0,"attachmentsCount":0,"hasContent":true,"attachmentStep":false}],"attachments":[],"parameters":[],"shouldDisplayMessage":false,"stepsCount":3,"attachmentsCount":0,"hasContent":true,"attachmentStep":false}],"attachments":[{"uid":"7bdef068afb665d8","name":"stdout","source":"7bdef068afb665d8.txt","type":"text/plain","size":112}],"parameters":[],"shouldDisplayMessage":true,"stepsCount":14,"attachmentsCount":1,"hasContent":true,"attachmentStep":false},"afterStages":[{"name":"browser::0","time":{"start":1751144915416,"stop":1751144915474,"duration":58},"status":"passed","steps":[],"attachments":[],"parameters":[],"shouldDisplayMessage":false,"stepsCount":0,"attachmentsCount":0,"hasContent":false,"attachmentStep":false}],"labels":[{"name":"tag","value":"smoke"},{"name":"tag","value":"regression"},{"name":"parentSuite","value":"selenium_library.suninjuly_github_io.tests"},{"name":"suite","value":"test_registration"},{"name":"subSuite","value":"TestRegistrationPage"},{"name":"host","value":"pkrvmbietmlfzoi"},{"name":"thread","value":"2125-MainThread"},{"name":"framework","value":"pytest"},{"name":"language","value":"cpython3"},{"name":"package","value":"selenium_library.suninjuly_github_io.tests.test_registration"},{"name":"resultFormat","value":"allure2"}],"parameters":[],"links":[],"hidden":true,"retry":true,"extra":{"categories":[],"tags":["regression","smoke"]},"source":"f143c8534709e063.json","parameterValues":[]}